<?xml version="1.0" encoding="UTF-8"?>
<testng-results ignored="0" total="1" passed="1" failed="0" skipped="0">
  <reporter-output>
  </reporter-output>
  <suite started-at="2021-04-23T11:56:31 IDT" name="helloworld_kobinahon.TestHedlloWorld" finished-at="2021-04-23T11:56:31 IDT" duration-ms="97">
    <groups>
    </groups>
    <test started-at="2021-04-23T11:56:31 IDT" name="Command line test" finished-at="2021-04-23T11:56:31 IDT" duration-ms="97">
      <class name="helloworld_kobinahon.TestHedlloWorld">
        <test-method signature="testHelloWorld()[pri:0, instance:helloworld_kobinahon.TestHedlloWorld@13eb8acf]" started-at="2021-04-23T11:56:31 IDT" name="testHelloWorld" finished-at="2021-04-23T11:56:31 IDT" duration-ms="9" status="PASS">
          <reporter-output>
          </reporter-output>
        </test-method> <!-- testHelloWorld -->
      </class> <!-- helloworld_kobinahon.TestHedlloWorld -->
    </test> <!-- Command line test -->
  </suite> <!-- helloworld_kobinahon.TestHedlloWorld -->
</testng-results>
